<?xml version="1.0" encoding="UTF-8"?>
<!-- Generated by org.testng.reporters.JUnitReportReporter -->
<testsuite skipped="0" hostname="LAPTOP-3O39E0OU" name="com.github.frostyaxe.frostylight.testClasses.FlightSearch" tests="1" failures="0" timestamp="2020-04-29T23:49:48 IST" time="55.067" errors="0">
  <testcase name="test" time="55.067" classname="com.github.frostyaxe.frostylight.testClasses.FlightSearch"/>
  <system-out/>
</testsuite> <!-- com.github.frostyaxe.frostylight.testClasses.FlightSearch -->
